<?xml version="1.0" encoding="UTF-8"?>
<!-- Generated by org.testng.reporters.JUnitReportReporter -->
<testsuite hostname="LAPTOP-JJ6NIKT4" failures="0" tests="1" name="testCases.Tc002_Login_Account" time="9.626" errors="0" timestamp="2024-07-25T08:37:56 IST" skipped="0">
  <testcase classname="testCases.Tc002_Login_Account" name="verifylogin" time="9.626"/>
</testsuite> <!-- testCases.Tc002_Login_Account -->
