<?xml version="1.0" encoding="UTF-8"?>
<!-- Generated by org.testng.reporters.JUnitReportReporter -->
<testsuite hostname="LAPTOP-JJ6NIKT4" failures="0" tests="1" name="testCases.Tc001Account_reg_page" time="5.523" errors="0" timestamp="2024-07-24T17:56:57 IST" skipped="0">
  <testcase classname="testCases.Tc001Account_reg_page" name="verifyaccount" time="5.523"/>
</testsuite> <!-- testCases.Tc001Account_reg_page -->
